c:\users\sorel\documents\github\game-architecture\homework-1-queuing-elronde120\build\ga1-win64\ga.dir\debug\vc141.pdb
c:\users\sorel\documents\github\game-architecture\homework-1-queuing-elronde120\build\ga1-win64\ga.dir\debug\main.obj
c:\users\sorel\documents\github\game-architecture\homework-1-queuing-elronde120\build\ga1-win64\ga.dir\debug\ga_queue.tests.obj
c:\users\sorel\documents\github\game-architecture\homework-1-queuing-elronde120\build\ga1-win64\ga.dir\debug\ga_job.obj
c:\users\sorel\documents\github\game-architecture\homework-1-queuing-elronde120\build\ga1-win64\ga.dir\debug\ga_intpool.obj
c:\users\sorel\documents\github\game-architecture\homework-1-queuing-elronde120\build\ga1-win64\ga.dir\debug\ga_fiber.obj
c:\users\sorel\documents\github\game-architecture\homework-1-queuing-elronde120\build\ga1-win64\ga.dir\debug\ga_condvar.obj
c:\users\sorel\documents\github\game-architecture\homework-1-queuing-elronde120\build\ga1-win64\ga.dir\debug\ga_sim.obj
c:\users\sorel\documents\github\game-architecture\homework-1-queuing-elronde120\build\ga1-win64\ga.dir\debug\ga_output.obj
c:\users\sorel\documents\github\game-architecture\homework-1-queuing-elronde120\build\ga1-win64\ga.dir\debug\ga_input.obj
c:\users\sorel\documents\github\game-architecture\homework-1-queuing-elronde120\build\ga1-win64\ga.dir\debug\ga_hello_component.obj
c:\users\sorel\documents\github\game-architecture\homework-1-queuing-elronde120\build\ga1-win64\ga.dir\debug\ga_entity.obj
c:\users\sorel\documents\github\game-architecture\homework-1-queuing-elronde120\build\ga1-win64\ga.dir\debug\ga_component.obj
c:\users\sorel\documents\github\game-architecture\homework-1-queuing-elronde120\build\ga1-win64\ga.dir\debug\ga_queue.obj
c:\users\sorel\documents\github\game-architecture\homework-1-queuing-elronde120\build\ga1-win64\cmakefiles\generate.stamp
c:\users\sorel\documents\github\game-architecture\homework-1-queuing-elronde120\build\ga1-win64\debug\ga.lib
c:\users\sorel\documents\github\game-architecture\homework-1-queuing-elronde120\build\ga1-win64\debug\ga.exp
c:\users\sorel\documents\github\game-architecture\homework-1-queuing-elronde120\build\ga1-win64\debug\ga.ilk
c:\users\sorel\documents\github\game-architecture\homework-1-queuing-elronde120\build\ga1-win64\debug\ga.exe
c:\users\sorel\documents\github\game-architecture\homework-1-queuing-elronde120\build\ga1-win64\debug\ga.pdb
c:\users\sorel\documents\github\game-architecture\homework-1-queuing-elronde120\build\ga1-win64\ga.dir\debug\ga.tlog\cl.command.1.tlog
c:\users\sorel\documents\github\game-architecture\homework-1-queuing-elronde120\build\ga1-win64\ga.dir\debug\ga.tlog\cl.read.1.tlog
c:\users\sorel\documents\github\game-architecture\homework-1-queuing-elronde120\build\ga1-win64\ga.dir\debug\ga.tlog\cl.write.1.tlog
c:\users\sorel\documents\github\game-architecture\homework-1-queuing-elronde120\build\ga1-win64\ga.dir\debug\ga.tlog\custombuild.command.1.tlog
c:\users\sorel\documents\github\game-architecture\homework-1-queuing-elronde120\build\ga1-win64\ga.dir\debug\ga.tlog\custombuild.read.1.tlog
c:\users\sorel\documents\github\game-architecture\homework-1-queuing-elronde120\build\ga1-win64\ga.dir\debug\ga.tlog\custombuild.write.1.tlog
c:\users\sorel\documents\github\game-architecture\homework-1-queuing-elronde120\build\ga1-win64\ga.dir\debug\ga.tlog\ga.write.1u.tlog
c:\users\sorel\documents\github\game-architecture\homework-1-queuing-elronde120\build\ga1-win64\ga.dir\debug\ga.tlog\link.command.1.tlog
c:\users\sorel\documents\github\game-architecture\homework-1-queuing-elronde120\build\ga1-win64\ga.dir\debug\ga.tlog\link.read.1.tlog
c:\users\sorel\documents\github\game-architecture\homework-1-queuing-elronde120\build\ga1-win64\ga.dir\debug\ga.tlog\link.write.1.tlog
